<?xml version="1.0" encoding="UTF-8"?>
<!-- Generated by org.testng.reporters.JUnitReportReporter -->
<testsuite hostname="DESKTOP-NB17RKO" failures="0" tests="1" name="parallelTest.ClassD" time="35.722" errors="0" timestamp="2025-02-28T19:44:54 IST" skipped="0">
  <testcase classname="parallelTest.ClassD" name="test1" time="35.722"/>
  <system-out/>
</testsuite> <!-- parallelTest.ClassD -->
