<?xml version="1.0" encoding="UTF-8"?>
<!-- Generated by org.testng.reporters.JUnitReportReporter -->
<testsuite hostname="DESKTOP-NB17RKO" failures="0" tests="3" name="TestNGPractice.TestNGClass" time="30.416" errors="0" timestamp="2025-02-25T19:37:52 IST" skipped="0">
  <testcase classname="TestNGPractice.TestNGClass" name="report2" time="14.172"/>
  <system-out/>
  <testcase classname="TestNGPractice.TestNGClass" name="report1" time="8.682"/>
  <system-out/>
  <testcase classname="TestNGPractice.TestNGClass" name="report" time="7.562"/>
  <system-out/>
</testsuite> <!-- TestNGPractice.TestNGClass -->
