<?xml version="1.0" encoding="UTF-8"?>
<!-- Generated by org.testng.reporters.JUnitReportReporter -->
<testsuite hostname="DESKTOP-NB17RKO" failures="0" tests="2" name="TestClass.LoginTestPage" time="30.458" errors="0" timestamp="2025-03-05T20:27:09 IST" skipped="0">
  <testcase classname="TestClass.LoginTestPage" name="verifyLoginPage" time="17.206"/>
  <system-out>
    <![CDATA[text matched]]>
  </system-out>
  <testcase classname="TestClass.LoginTestPage" name="validateInvalidCredential" time="13.252"/>
  <system-out>
    <![CDATA[Invalid credential]]>
  </system-out>
</testsuite> <!-- TestClass.LoginTestPage -->
