<?xml version="1.0" encoding="UTF-8"?>
<!-- Generated by org.testng.reporters.JUnitReportReporter -->
<testsuite hostname="DESKTOP-NB17RKO" failures="0" tests="1" name="parallelTest.ClassA" time="16.973" errors="0" timestamp="2025-02-28T19:50:14 IST" skipped="0">
  <testcase classname="parallelTest.ClassA" name="test1" time="16.973"/>
  <system-out/>
</testsuite> <!-- parallelTest.ClassA -->
