<?xml version="1.0" encoding="UTF-8"?>
<!-- Generated by org.testng.reporters.JUnitReportReporter -->
<testsuite hostname="DESKTOP-NB17RKO" failures="0" tests="1" name="TestNGPractice.Annoation" time="0.005" errors="0" timestamp="2025-02-27T19:59:16 IST" skipped="0">
  <testcase classname="TestNGPractice.Annoation" name="validateHomePage" time="0.005"/>
  <system-out>
    <![CDATA[landing home page successfully]]>
  </system-out>
</testsuite> <!-- TestNGPractice.Annoation -->
