<?xml version="1.0" encoding="UTF-8"?>
<!-- Generated by org.testng.reporters.JUnitReportReporter -->
<testsuite hostname="DESKTOP-NB17RKO" failures="0" tests="1" name="parallelTest.ClassC" time="38.022" errors="0" timestamp="2025-02-28T19:44:54 IST" skipped="0">
  <testcase classname="parallelTest.ClassC" name="test3" time="38.022"/>
  <system-out/>
</testsuite> <!-- parallelTest.ClassC -->
