<?xml version="1.0" encoding="UTF-8"?>
<!-- Generated by org.testng.reporters.JUnitReportReporter -->
<testsuite hostname="DESKTOP-NB17RKO" failures="0" tests="1" name="parallelTest.ClassF" time="24.517" errors="0" timestamp="2025-02-28T19:44:54 IST" skipped="0">
  <testcase classname="parallelTest.ClassF" name="test1" time="24.517"/>
  <system-out/>
</testsuite> <!-- parallelTest.ClassF -->
