<?xml version="1.0" encoding="UTF-8"?>
<!-- Generated by org.testng.reporters.JUnitReportReporter -->
<testsuite hostname="DESKTOP-NB17RKO" failures="0" tests="1" name="Assert.SoftAssertClass" time="7.231" errors="0" timestamp="2025-03-03T19:56:21 IST" skipped="0">
  <testcase classname="Assert.SoftAssertClass" name="test" time="7.231"/>
  <system-out>
    <![CDATA[TC passed]]>
  </system-out>
</testsuite> <!-- Assert.SoftAssertClass -->
