<?xml version="1.0" encoding="UTF-8"?>
<!-- Generated by org.testng.reporters.JUnitReportReporter -->
<testsuite hostname="DESKTOP-NB17RKO" failures="0" tests="2" name="TestNGPractice.textGenerationInReport" time="0.035" errors="0" timestamp="2025-02-25T19:54:28 IST" skipped="0">
  <testcase classname="TestNGPractice.textGenerationInReport" name="test1" time="0.003"/>
  <system-out>
    <![CDATA[hello jala1]]>
  </system-out>
  <testcase classname="TestNGPractice.textGenerationInReport" name="test" time="0.032"/>
  <system-out>
    <![CDATA[hello jala]]>
  </system-out>
</testsuite> <!-- TestNGPractice.textGenerationInReport -->
