<?xml version="1.0" encoding="UTF-8"?>
<!-- Generated by org.testng.reporters.JUnitReportReporter -->
<testsuite hostname="DESKTOP-NB17RKO" failures="0" tests="1" name="TestNGPractice.TestNGKeyword" time="0.003" errors="0" timestamp="2025-02-27T20:11:27 IST" skipped="0">
  <testcase classname="TestNGPractice.TestNGKeyword" name="C" time="0.003"/>
  <system-out>
    <![CDATA[Method C ]]>
  </system-out>
</testsuite> <!-- TestNGPractice.TestNGKeyword -->
